524288 1       10000	0.001160561271	1412016777254	1412016788861
524288 2       10000	0.001158946824	1412016900926	1412016912516
524288 4       10000	0.001164717202	1412017024701	1412017036350
524288 8       10000	0.001167776780	1412017148885	1412017160564
524288 16      10000	0.001187077031	1412017273091	1412017284963
524288 32      10000	0.001209039025	1412017399705	1412017411797
524288 64      10000	0.001215775547	1412017528496	1412017540655
524288 128     10000	0.001233860953	1412017658279	1412017670618
524288 256     10000	0.001254976517	1412017789852	1412017802403
524288 512     10000	0.001177945266	1412017923843	1412017935624
524288 1024 	10000	0.001182391284	1412018049436	1412018061261
524288 2048 	10000	0.001194274785	1412018175506	1412018187450
524288 4096 	10000	0.001226782254	1412018302899	1412018315168
524288 8192     8000	0.001277967096	1412018433709	1412018443934
524288 16384	8000	0.001300219349	1412018542962	1412018553365
524288 32768	8000	0.001410867443	1412018653910	1412018665198
524288 65536	8000	0.001669686523	1412018774241	1412018787600
524288 131072 	4000	0.002281041067	1412018916687	1412018925812
524288 262144 	4000	0.003488971944	1412019013920	1412019027877
524288 524288 	2000	0.005730654348	1412019162849	1412019174311
