524288 1	91.945846075433	0.133448534257	21.681525735294	0.031468173423	4.213694852941	0.006115680326
524288 2	91.959862385321	0.133442350522	21.814114391144	0.031654317693	4.218173431734	0.006120963680
524288 4	91.914500509684	0.133530773835	21.761948529412	0.031615140279	4.260110294118	0.006188967149
524288 8	91.937308868502	0.133894378300	21.693474264706	0.031593640118	4.145680147059	0.006037627953
524288 16	92.027522935780	0.134669384361	21.736313868613	0.031808049522	4.927919708029	0.007211319963
524288 32	91.797400611621	0.136037261470	21.398916967509	0.031711682937	3.407039711191	0.005048992117
524288 64	91.799057084608	0.136863732730	21.658482142857	0.032290753364	3.722321428571	0.005549630043
524288 128	91.850407747197	0.138818150802	21.599911971831	0.032645035672	3.642605633803	0.005505253494
524288 256	91.906472986748	0.140576539190	21.750000000000	0.033267947600	3.681423611111	0.005630961278
524288 512	92.062054026504	0.134760145883	22.004105839416	0.032209541100	4.874087591241	0.007134674126
524288 1024	92.075560652396	0.135715310844	21.636775362319	0.031891651521	3.850543478261	0.005675531068
524288 2048	92.053261977574	0.136898773040	21.687275985663	0.032252648187	4.153673835125	0.006177215662
524288 4096	92.089576962283	0.139474559635	21.759683098592	0.032956196761	4.258802816901	0.006450183257
524288 8192	92.232798165138	0.144479927474	21.638180272109	0.033895564036	4.800170068027	0.007519323246
524288 16384	92.349770642202	0.145093945638	21.758445945946	0.034185453318	3.887246621622	0.006107388747
524288 32768	92.491207951070	0.154819421424	21.675632911392	0.036282464255	4.037974683544	0.006759095465
524288 65536	92.556829765545	0.174299559669	22.021997206704	0.041471001393	3.898044692737	0.007340651957
524288 131072	92.659785932722	0.220757657283	21.806495633188	0.051952967958	4.093340611354	0.009752194814
524288 262144	92.689347604485	0.312873341227	21.872526636225	0.073830819470	3.825152207002	0.012911819779
524288 262144   92.712410805301 0.312246519771  22.084351145038 0.074377979459  4.143129771920  0.013953664251
524288 524288   92.774592252803 0.474617675227  21.990111561866 0.112497348401  3.531440162272  0.018066195489

